Build started 11/02/2015 12:10:08.
     1>Project "C:\Users\stefen\Desktop\git\RWM\project3\proofOfConcept\proof of concept\proof of concept.vcxproj" on node 2 (Build target(s)).
     1>ClCompile:
         C:\Program Files (x86)\Microsoft Visual Studio 11.0\VC\bin\CL.exe /c /ZI /nologo /W3 /WX- /sdl /Od /Oy- /D _MBCS /Gm /EHsc /RTC1 /MDd /GS /fp:precise /Zc:wchar_t /Zc:forScope /Fo"Debug\\" /Fd"Debug\vc110.pdb" /Gd /TP /analyze- /errorReport:prompt main.cpp
         main.cpp
       Link:
         C:\Program Files (x86)\Microsoft Visual Studio 11.0\VC\bin\link.exe /ERRORREPORT:PROMPT /OUT:"C:\Users\stefen\Desktop\git\RWM\project3\proofOfConcept\Debug\proof of concept.exe" /INCREMENTAL /NOLOGO SDL2_ttf.lib SDL2_mixer.lib SDL2.lib SDL2main.lib SDL2_image.lib kernel32.lib user32.lib gdi32.lib winspool.lib comdlg32.lib advapi32.lib shell32.lib ole32.lib oleaut32.lib uuid.lib odbc32.lib odbccp32.lib kernel32.lib user32.lib gdi32.lib winspool.lib comdlg32.lib advapi32.lib shell32.lib ole32.lib oleaut32.lib uuid.lib odbc32.lib odbccp32.lib /MANIFEST /MANIFESTUAC:"level='asInvoker' uiAccess='false'" /manifest:embed /DEBUG /PDB:"C:\Users\stefen\Desktop\git\RWM\project3\proofOfConcept\Debug\proof of concept.pdb" /SUBSYSTEM:WINDOWS /TLBID:1 /DYNAMICBASE /NXCOMPAT /IMPLIB:"C:\Users\stefen\Desktop\git\RWM\project3\proofOfConcept\Debug\proof of concept.lib" /MACHINE:X86 Debug\main.obj
     1>MSVCRTD.lib(cinitexe.obj) : warning LNK4098: defaultlib 'msvcrt.lib' conflicts with use of other libs; use /NODEFAULTLIB:library
     1>main.obj : error LNK2019: unresolved external symbol "public: static class KeyManager * __cdecl KeyManager::getKeyManager(void)" (?getKeyManager@KeyManager@@SAPAV1@XZ) referenced in function _SDL_main
     1>main.obj : error LNK2019: unresolved external symbol "public: void __thiscall KeyManager::Update(union SDL_Event)" (?Update@KeyManager@@QAEXTSDL_Event@@@Z) referenced in function _SDL_main
     1>C:\Users\stefen\Desktop\git\RWM\project3\proofOfConcept\Debug\proof of concept.exe : fatal error LNK1120: 2 unresolved externals
     1>Done Building Project "C:\Users\stefen\Desktop\git\RWM\project3\proofOfConcept\proof of concept\proof of concept.vcxproj" (Build target(s)) -- FAILED.

Build FAILED.

Time Elapsed 00:00:00.79
